<?xml version="1.0" encoding="utf-8"?><testsuites name="pytest tests"><testsuite name="pytest" errors="0" failures="0" skipped="0" tests="6" time="2.211" timestamp="2026-08-09T07:23:37.768222+00:00" hostname="agent-env-1ec09f09-2148-4677-b248-11c6a4211150"><testcase classname="backend.tests.test_leads_max.TestHealth" name="test_health_ok" time="0.289" /><testcase classname="backend.tests.test_leads_max.TestLeadsMax" name="test_create_lead_no_max_creds_returns_200_fast" time="0.684" /><testcase classname="backend.tests.test_leads_max.TestLeadsMax" name="test_create_lead_persists_and_max_sent_false" time="0.844" /><testcase classname="backend.tests.test_leads_max.TestLeadsMax" name="test_lead_invalid_phone_400" time="0.071" /><testcase classname="backend.tests.test_leads_max.TestLeadsMax" name="test_lead_missing_fields_400" time="0.060" /><testcase classname="backend.tests.test_leads_max.TestContent" name="test_content_reachable" time="0.073" /></testsuite></testsuites>