<?xml version="1.0" encoding="utf-8"?><testsuites name="pytest tests"><testsuite name="pytest" errors="0" failures="0" skipped="0" tests="7" time="2.788" timestamp="2026-08-12T12:29:05.527488+00:00" hostname="agent-env-1ec09f09-2148-4677-b248-11c6a4211150"><testcase classname="backend.tests.test_iteration18.TestMaxWebhook" name="test_webhook_accepts_json_returns_ok" time="0.583" /><testcase classname="backend.tests.test_iteration18.TestMaxWebhook" name="test_webhook_accepts_empty_body" time="0.103" /><testcase classname="backend.tests.test_iteration18.TestLeadsFlow" name="test_create_lead_success_telegram" time="0.696" /><testcase classname="backend.tests.test_iteration18.TestLeadsFlow" name="test_lead_invalid_phone_400" time="0.088" /><testcase classname="backend.tests.test_iteration18.TestContent" name="test_content_has_thank_you_keys" time="0.125" /><testcase classname="backend.tests.test_iteration18.TestAdminThankYouEdit" name="test_edit_thank_you_telegram_url_and_revert" time="0.963" /><testcase classname="backend.tests.test_iteration18.TestTeamCount" name="test_team_has_6_members" time="0.065" /></testsuite></testsuites>