<?xml version="1.0" encoding="utf-8"?><testsuites name="pytest tests"><testsuite name="pytest" errors="0" failures="0" skipped="0" tests="11" time="2.265" timestamp="2026-07-16T09:52:44.645648+00:00" hostname="agent-env-1ec09f09-2148-4677-b248-11c6a4211150"><testcase classname="backend.tests.test_health_and_auth.TestHealth" name="test_health_200_and_shape" time="0.561" /><testcase classname="backend.tests.test_health_and_auth.TestHealth" name="test_health_is_public" time="0.335" /><testcase classname="backend.tests.test_health_and_auth.TestAdminLogin" name="test_login_success" time="0.271" /><testcase classname="backend.tests.test_health_and_auth.TestAdminLogin" name="test_login_wrong_password_401" time="0.290" /><testcase classname="backend.tests.test_health_and_auth.TestAdminLogin" name="test_login_unknown_email_401" time="0.046" /><testcase classname="backend.tests.test_health_and_auth.TestContent" name="test_content_public_get" time="0.048" /><testcase classname="backend.tests.test_health_and_auth.TestAdminMe" name="test_admin_me_with_bearer_token" time="0.356" /><testcase classname="backend.tests.test_health_and_auth.TestAdminMe" name="test_admin_me_without_token_401" time="0.083" /><testcase classname="backend.tests.test_health_and_auth.TestJwtSecretUnit" name="test_jwt_secret_missing_raises_500_with_helpful_detail" time="0.194" /><testcase classname="backend.tests.test_health_and_auth.TestJwtSecretUnit" name="test_jwt_secret_empty_string_also_raises_500" time="0.000" /><testcase classname="backend.tests.test_health_and_auth.TestJwtSecretUnit" name="test_jwt_secret_returns_value_when_set" time="0.001" /></testsuite></testsuites>