<?xml version="1.0" encoding="utf-8"?><testsuites name="pytest tests"><testsuite name="pytest" errors="0" failures="0" skipped="0" tests="6" time="1.028" timestamp="2026-07-16T09:39:32.340764+00:00" hostname="agent-env-1ec09f09-2148-4677-b248-11c6a4211150"><testcase classname="backend.tests.test_health_and_auth.TestHealth" name="test_health_200_and_shape" time="0.168" /><testcase classname="backend.tests.test_health_and_auth.TestHealth" name="test_health_is_public" time="0.136" /><testcase classname="backend.tests.test_health_and_auth.TestAdminLogin" name="test_login_success" time="0.273" /><testcase classname="backend.tests.test_health_and_auth.TestAdminLogin" name="test_login_wrong_password_401" time="0.260" /><testcase classname="backend.tests.test_health_and_auth.TestAdminLogin" name="test_login_unknown_email_401" time="0.080" /><testcase classname="backend.tests.test_health_and_auth.TestContent" name="test_content_public_get" time="0.040" /></testsuite></testsuites>